1616867162078	geckodriver	INFO	Listening on 127.0.0.1:62716
1616867162594	mozrunner::runner	INFO	Running command: "C:\\Program Files (x86)\\Mozilla Firefox\\firefox.exe" "--marionette" "-foreground" "-no-remote" "-profile" "C:\\Users\\derip\\AppData\\Local\\Temp\\rust_mozprofile5ORABV"
console.warn: SearchSettings: "get: No settings file exists, new profile?" (new Error("", "(unknown module)"))
1616867165404	Marionette	INFO	Listening on port 62721
1616867165719	Marionette	WARN	TLS certificate errors will be ignored for this session
JavaScript error: resource://gre/actors/AutoCompleteChild.jsm, line 125: Error: Invalid autocomplete selectedIndex
JavaScript error: , line 0: NotFoundError: No such JSWindowActor 'MarionetteEvents'
1616867173047	Marionette	INFO	Stopped listening on port 62721

###!!! [Child][RunMessage] Error: Channel closing: too late to send/recv, messages will be lost

1616867216490	geckodriver	INFO	Listening on 127.0.0.1:62839
1616867217008	mozrunner::runner	INFO	Running command: "C:\\Program Files (x86)\\Mozilla Firefox\\firefox.exe" "--marionette" "-foreground" "-no-remote" "-profile" "C:\\Users\\derip\\AppData\\Local\\Temp\\rust_mozprofileUqTot0"
console.warn: SearchSettings: "get: No settings file exists, new profile?" (new Error("", "(unknown module)"))
1616867219610	Marionette	INFO	Listening on port 62844
1616867219641	Marionette	WARN	TLS certificate errors will be ignored for this session
JavaScript error: resource://gre/actors/AutoCompleteChild.jsm, line 125: Error: Invalid autocomplete selectedIndex
1616867221256	Marionette	WARN	Ignoring event 'DOMContentLoaded' because document has an invalid readyState of 'complete'.
1616867225950	Marionette	INFO	Stopped listening on port 62844

###!!! [Child][RunMessage] Error: Channel closing: too late to send/recv, messages will be lost

1616867322335	geckodriver	INFO	Listening on 127.0.0.1:62947
1616867322856	mozrunner::runner	INFO	Running command: "C:\\Program Files (x86)\\Mozilla Firefox\\firefox.exe" "--marionette" "-foreground" "-no-remote" "-profile" "C:\\Users\\derip\\AppData\\Local\\Temp\\rust_mozprofilesXA4pz"
console.warn: SearchSettings: "get: No settings file exists, new profile?" (new Error("", "(unknown module)"))
1616867325596	Marionette	INFO	Listening on port 62952
1616867325990	Marionette	WARN	TLS certificate errors will be ignored for this session
JavaScript error: resource://gre/actors/AutoCompleteChild.jsm, line 125: Error: Invalid autocomplete selectedIndex
JavaScript error: , line 0: uncaught exception: undefined
1616867332156	Marionette	INFO	Stopped listening on port 62952
JavaScript error: resource://gre/modules/AsyncShutdown.jsm, line 575: NotFoundError: No such JSWindowActor 'MarionetteEvents'

###!!! [Child][RunMessage] Error: Channel closing: too late to send/recv, messages will be lost

